* This is the StructMobWeight report file that is output every time the server starts.
* 
* Spawn Balance Utility (SBU) will use this file ONLY if it is renamed to StructMobWeight.csv.
* Lines starting with '*' are comments and ignored
* It allows you to add and remove mobs and adjust their spawnweights for Structures
* like shipwrecks, nether fortresses, water monuments, etc.
* 
1, dungeons_arise:abandoned_temple, HEADING, header:ignore, 0, 0, 0
2, dungeons_arise:abandoned_temple, MONSTER, minecraft:stray, 10, 1, 1
3, idas:abandonedhouse, HEADING, header:ignore, 0, 0, 0
4, totw_modded:aether, HEADING, header:ignore, 0, 0, 0
5, imst:airship, HEADING, header:ignore, 0, 0, 0
6, imst:airship, MONSTER, minecraft:pillager, 10, 1, 1
7, integrated_villages:airship_village, HEADING, header:ignore, 0, 0, 0
8, imst:alpine_house, HEADING, header:ignore, 0, 0, 0
9, minecraft:ancient_city, HEADING, header:ignore, 0, 0, 0
10, cataclysm:ancient_factory, HEADING, header:ignore, 0, 0, 0
11, idas:ancient_mines, HEADING, header:ignore, 0, 0, 0
12, idas:ancient_mines, MONSTER, minecraft:silverfish, 10, 1, 1
13, idas:ancient_mines, MONSTER, quark:wraith, 10, 1, 1
14, idas:ancient_portal/ancient_portal, HEADING, header:ignore, 0, 0, 0
15, idas:ancient_portal/ancient_portal, MONSTER, minecraft:silverfish, 10, 1, 4
16, idas:ancient_portal/ancient_portal, MONSTER, quark:wraith, 10, 1, 4
17, idas:ancient_portal/nether_ancient_portal, HEADING, header:ignore, 0, 0, 0
18, idas:ancient_portal/nether_ancient_portal, MONSTER, quark:wraith, 10, 1, 1
19, idas:ancient_statue/ancient_statue_desert, HEADING, header:ignore, 0, 0, 0
20, idas:ancient_statue/ancient_statue_jungle, HEADING, header:ignore, 0, 0, 0
21, idas:ancient_statue/ancient_statue_plains, HEADING, header:ignore, 0, 0, 0
22, ati_structures:ancient_temple, HEADING, header:ignore, 0, 0, 0
23, ati_structures:ancient_temple, MONSTER, minecraft:slime, 10, 1, 2
24, structory_towers:ancient_temple, HEADING, header:ignore, 0, 0, 0
25, realmrpg_quests:anglers, HEADING, header:ignore, 0, 0, 0
26, idas:animal_den/forest_den, HEADING, header:ignore, 0, 0, 0
27, idas:animal_den/foxhound_den, HEADING, header:ignore, 0, 0, 0
28, idas:animal_den/polar_bear_den, HEADING, header:ignore, 0, 0, 0
29, idas:apothecary_abode, HEADING, header:ignore, 0, 0, 0
30, ars_additions:arcane_library, HEADING, header:ignore, 0, 0, 0
31, ars_additions:arcane_library, MONSTER, ars_nouveau:wilden_guardian, 10, 5, 10
32, ars_additions:arcane_library, MONSTER, ars_nouveau:wilden_stalker, 10, 5, 10
33, ars_additions:arcane_library, MONSTER, ars_nouveau:wilden_hunter, 10, 5, 10
34, idas:ars_nouveau/archmages_tower, HEADING, header:ignore, 0, 0, 0
35, scguns:asgharian_citadel, HEADING, header:ignore, 0, 0, 0
36, scguns:asgharian_tower, HEADING, header:ignore, 0, 0, 0
37, scguns:asgharian_tower, MONSTER, minecraft:zombie, 10, 1, 1
38, minecolonies:asian_colony, HEADING, header:ignore, 0, 0, 0
39, minecolonies:asian_colony, CREATURE, minecraft:cat, 80, 1, 2
40, mes:astral_hideaway, HEADING, header:ignore, 0, 0, 0
41, mes:astral_meteorite, HEADING, header:ignore, 0, 0, 0
42, twilightforest:aurora_palace, HEADING, header:ignore, 0, 0, 0
43, dungeons_arise:aviary, HEADING, header:ignore, 0, 0, 0
44, dungeons_arise:aviary, MONSTER, minecraft:phantom, 60, 2, 3
45, totw_modded:badlands, HEADING, header:ignore, 0, 0, 0
46, create_ltab_f:baker, HEADING, header:ignore, 0, 0, 0
47, imst:balloon, HEADING, header:ignore, 0, 0, 0
48, imst:bandit_camp, HEADING, header:ignore, 0, 0, 0
49, imst:bandit_camp, MONSTER, minecraft:pillager, 10, 1, 1
50, dungeons_arise:bandit_towers, HEADING, header:ignore, 0, 0, 0
51, dungeons_arise:bandit_village, HEADING, header:ignore, 0, 0, 0
52, formationsnether:basalt_hut, HEADING, header:ignore, 0, 0, 0
53, minecraft:bastion_remnant, HEADING, header:ignore, 0, 0, 0
54, dungeons_arise:bathhouse, HEADING, header:ignore, 0, 0, 0
55, idas:bazaar, HEADING, header:ignore, 0, 0, 0
56, mvs:beach_bar, HEADING, header:ignore, 0, 0, 0
57, idas:bearclaw_inn, HEADING, header:ignore, 0, 0, 0
58, queen_bee:beehive, HEADING, header:ignore, 0, 0, 0
59, imst:beehouse, HEADING, header:ignore, 0, 0, 0
60, imst:beehouse, AMBIENT, minecraft:bee, 10, 1, 1
61, friendsandfoes:beekeeper_hut, HEADING, header:ignore, 0, 0, 0
62, idas:beekeepers_house, HEADING, header:ignore, 0, 0, 0
63, imst:berry_house, HEADING, header:ignore, 0, 0, 0
64, create_ltab_f:big_end_lab, HEADING, header:ignore, 0, 0, 0
65, create_ltab_f:big_windmill, HEADING, header:ignore, 0, 0, 0
66, formationsnether:blackstone_castle, HEADING, header:ignore, 0, 0, 0
67, formationsnether:blackstone_remnant, HEADING, header:ignore, 0, 0, 0
68, beautify:botanist_house_desert, HEADING, header:ignore, 0, 0, 0
69, beautify:botanist_house_plains, HEADING, header:ignore, 0, 0, 0
70, beautify:botanist_house_savanna, HEADING, header:ignore, 0, 0, 0
71, beautify:botanist_house_snowy, HEADING, header:ignore, 0, 0, 0
72, beautify:botanist_house_taiga, HEADING, header:ignore, 0, 0, 0
73, idas:brickhouse, HEADING, header:ignore, 0, 0, 0
74, create_ltab_f:bunker, HEADING, header:ignore, 0, 0, 0
75, minecraft:buried_treasure, HEADING, header:ignore, 0, 0, 0
76, create_ltab_f:buriedrobot, HEADING, header:ignore, 0, 0, 0
77, cataclysm:burning_arena, HEADING, header:ignore, 0, 0, 0
78, imst:cactus_farm, HEADING, header:ignore, 0, 0, 0
79, minecolonies:caledonia_colony, HEADING, header:ignore, 0, 0, 0
80, minecolonies:caledonia_colony, CREATURE, minecraft:cat, 80, 1, 2
81, formationsnether:campsite, HEADING, header:ignore, 0, 0, 0
82, stellarity:campsite, HEADING, header:ignore, 0, 0, 0
83, imst:caravan, HEADING, header:ignore, 0, 0, 0
84, mvs:cartographer_tower, HEADING, header:ignore, 0, 0, 0
85, mvs:carts/cart, HEADING, header:ignore, 0, 0, 0
86, mvs:carts/large_cart_1, HEADING, header:ignore, 0, 0, 0
87, mvs:carts/large_cart_2, HEADING, header:ignore, 0, 0, 0
88, mvs:carts/medium_bamboo_cart, HEADING, header:ignore, 0, 0, 0
89, idas:castle, HEADING, header:ignore, 0, 0, 0
90, medievalend:castle, HEADING, header:ignore, 0, 0, 0
91, mvs:cathedral, HEADING, header:ignore, 0, 0, 0
92, mvs:cathedral, MONSTER, minecraft:skeleton, 10, 1, 2
93, mvs:cathedral, MONSTER, minecraft:zombie, 10, 2, 5
94, dungeons_arise:ceryneian_hind, HEADING, header:ignore, 0, 0, 0
95, stellarity:chapel_of_light, HEADING, header:ignore, 0, 0, 0
96, formationsnether:checkerboard_temple, HEADING, header:ignore, 0, 0, 0
97, mns:circle_blackstone, HEADING, header:ignore, 0, 0, 0
98, mns:circle_nether_brick, HEADING, header:ignore, 0, 0, 0
99, friendsandfoes:citadel, HEADING, header:ignore, 0, 0, 0
100, friendsandfoes:citadel, MONSTER, minecraft:blaze, 10, 1, 2
101, born_in_chaos_v1:clown_caravan_plains, HEADING, header:ignore, 0, 0, 0
102, born_in_chaos_v1:clown_caravan_savanna, HEADING, header:ignore, 0, 0, 0
103, born_in_chaos_v1:clown_caravan_taiga, HEADING, header:ignore, 0, 0, 0
104, imst:cocoa_farm, HEADING, header:ignore, 0, 0, 0
105, dungeons_arise:coliseum, HEADING, header:ignore, 0, 0, 0
106, minecolonies:colonial_colony, HEADING, header:ignore, 0, 0, 0
107, minecolonies:colonial_colony, CREATURE, minecraft:cat, 80, 1, 2
108, realmrpg_quests:cooks, HEADING, header:ignore, 0, 0, 0
109, dungeons_arise_seven_seas:corsair_corvette, HEADING, header:ignore, 0, 0, 0
110, idas:cottage, HEADING, header:ignore, 0, 0, 0
111, mvs:crystal, HEADING, header:ignore, 0, 0, 0
112, cataclysm:cursed_pyramid, HEADING, header:ignore, 0, 0, 0
113, ati_structures:dark_tower, HEADING, header:ignore, 0, 0, 0
114, imst:dark_tower, HEADING, header:ignore, 0, 0, 0
115, twilightforest:dark_tower, HEADING, header:ignore, 0, 0, 0
116, born_in_chaos_v1:dark_tower_forest, HEADING, header:ignore, 0, 0, 0
117, born_in_chaos_v1:dark_tower_plain, HEADING, header:ignore, 0, 0, 0
118, born_in_chaos_v1:dark_tower_taiga, HEADING, header:ignore, 0, 0, 0
119, mvs:dead_tree/acacia, HEADING, header:ignore, 0, 0, 0
120, mvs:dead_tree/birch, HEADING, header:ignore, 0, 0, 0
121, mvs:dead_tree/cherry, HEADING, header:ignore, 0, 0, 0
122, mvs:dead_tree/dark_oak, HEADING, header:ignore, 0, 0, 0
123, mvs:dead_tree/jungle, HEADING, header:ignore, 0, 0, 0
124, mvs:dead_tree/mangrove, HEADING, header:ignore, 0, 0, 0
125, mvs:dead_tree/oak, HEADING, header:ignore, 0, 0, 0
126, mvs:dead_tree/spruce, HEADING, header:ignore, 0, 0, 0
127, ati_structures:deepslate_keep, HEADING, header:ignore, 0, 0, 0
128, totw_modded:derelict, HEADING, header:ignore, 0, 0, 0
129, totw_modded:derelict_grass, HEADING, header:ignore, 0, 0, 0
130, totw_modded:desert, HEADING, header:ignore, 0, 0, 0
131, idas:desert_camp/desert_camp, HEADING, header:ignore, 0, 0, 0
132, idas:desert_camp/desert_camp_bygwindswept, HEADING, header:ignore, 0, 0, 0
133, idas:desert_camp/desert_camp_orange, HEADING, header:ignore, 0, 0, 0
134, idas:desert_camp/desert_camp_red, HEADING, header:ignore, 0, 0, 0
135, idas:desert_market/desert_market, HEADING, header:ignore, 0, 0, 0
136, idas:desert_market/desert_market_orange, HEADING, header:ignore, 0, 0, 0
137, idas:desert_market/desert_market_red, HEADING, header:ignore, 0, 0, 0
138, ati_structures:desert_outpost, HEADING, header:ignore, 0, 0, 0
139, idas:desert_pyramid, HEADING, header:ignore, 0, 0, 0
140, minecraft:desert_pyramid, HEADING, header:ignore, 0, 0, 0
141, imst:desert_well, HEADING, header:ignore, 0, 0, 0
142, minecolonies:desertoasis_colony, HEADING, header:ignore, 0, 0, 0
143, minecolonies:desertoasis_colony, CREATURE, minecraft:cat, 80, 1, 2
144, idas:dig_site/dig_site, HEADING, header:ignore, 0, 0, 0
145, idas:dig_site/dig_site_desert, HEADING, header:ignore, 0, 0, 0
146, ati_structures:dojo, HEADING, header:ignore, 0, 0, 0
147, imst:el_dorado, HEADING, header:ignore, 0, 0, 0
148, imst:el_dorado, MONSTER, minecraft:pillager, 10, 1, 3
149, idas:enchantingtower, HEADING, header:ignore, 0, 0, 0
150, totw_modded:end, HEADING, header:ignore, 0, 0, 0
151, structory_towers:end/end_tower, HEADING, header:ignore, 0, 0, 0
152, minecraft:end_city, HEADING, header:ignore, 0, 0, 0
153, minecraft:end_city, MONSTER, alexsmobs:mimicube, 40, 1, 3
154, create_ltab_f:end_lab, HEADING, header:ignore, 0, 0, 0
155, mes:ender_spire, HEADING, header:ignore, 0, 0, 0
156, mes:enderbloom_grove, HEADING, header:ignore, 0, 0, 0
157, mes:enderkeep_courtyard, HEADING, header:ignore, 0, 0, 0
158, mes:enderpin_spikes, HEADING, header:ignore, 0, 0, 0
159, mes:enderskog, HEADING, header:ignore, 0, 0, 0
160, mes:enderwatch_tower, HEADING, header:ignore, 0, 0, 0
161, mes:endscraps, HEADING, header:ignore, 0, 0, 0
162, structory_towers:engineer_tower, HEADING, header:ignore, 0, 0, 0
163, totw_modded:everbright, HEADING, header:ignore, 0, 0, 0
164, totw_modded:everdawn, HEADING, header:ignore, 0, 0, 0
165, born_in_chaos_v1:farm, HEADING, header:ignore, 0, 0, 0
166, structory_towers:farmer_outpost, HEADING, header:ignore, 0, 0, 0
167, idas:farmhouse, HEADING, header:ignore, 0, 0, 0
168, twilightforest:final_castle, HEADING, header:ignore, 0, 0, 0
169, born_in_chaos_v1:firewell, HEADING, header:ignore, 0, 0, 0
170, idas:fishermans_lodge, HEADING, header:ignore, 0, 0, 0
171, dungeons_arise:fishing_hut, HEADING, header:ignore, 0, 0, 0
172, formationsnether:flaming_pillar, HEADING, header:ignore, 0, 0, 0
173, create_ltab_f:floating_island, HEADING, header:ignore, 0, 0, 0
174, imst:flowerdome, HEADING, header:ignore, 0, 0, 0
175, structory_towers:foraging_outpost, HEADING, header:ignore, 0, 0, 0
176, ati_structures:fortified_temple, HEADING, header:ignore, 0, 0, 0
177, minecraft:fortress, HEADING, header:ignore, 0, 0, 0
178, minecraft:fortress, MONSTER, minecraft:blaze, 10, 2, 3
179, minecraft:fortress, MONSTER, minecraft:zombified_piglin, 10, 4, 4
180, minecraft:fortress, MONSTER, minecraft:wither_skeleton, 10, 5, 5
181, minecraft:fortress, MONSTER, minecraft:skeleton, 10, 5, 5
182, minecraft:fortress, MONSTER, minecraft:magma_cube, 10, 4, 4
183, minecraft:fortress, MONSTER, cataclysm:ignited_berserker, 10, 1, 1
184, minecraft:fortress, MONSTER, celestisynth:star_monolith, 10, 1, 1
185, stellarity:fossil, HEADING, header:ignore, 0, 0, 0
186, imst:fossil_swamp, HEADING, header:ignore, 0, 0, 0
187, dungeons_arise:foundry, HEADING, header:ignore, 0, 0, 0
188, cataclysm:frosted_prison, HEADING, header:ignore, 0, 0, 0
189, idas:frozen_crypt, HEADING, header:ignore, 0, 0, 0
190, mvs:gallows, HEADING, header:ignore, 0, 0, 0
191, bosses_of_mass_destruction:gauntlet_arena, HEADING, header:ignore, 0, 0, 0
192, dungeons_arise:giant_mushroom, HEADING, header:ignore, 0, 0, 0
193, totw_modded:glacio, HEADING, header:ignore, 0, 0, 0
194, ati_structures:gnome_hut, HEADING, header:ignore, 0, 0, 0
195, ati_structures:granite_fort, HEADING, header:ignore, 0, 0, 0
196, born_in_chaos_v1:grave_darktitan, HEADING, header:ignore, 0, 0, 0
197, born_in_chaos_v1:grave_petasi, HEADING, header:ignore, 0, 0, 0
198, mns:grave_yard, HEADING, header:ignore, 0, 0, 0
199, structory_towers:great_toadstool, HEADING, header:ignore, 0, 0, 0
200, dungeons_arise:greenwood_pub, HEADING, header:ignore, 0, 0, 0
201, create_ltab_f:grot, HEADING, header:ignore, 0, 0, 0
202, ars_nouveau:guardian_wilden_den, HEADING, header:ignore, 0, 0, 0
203, ars_nouveau:guardian_wilden_den, MONSTER, ars_nouveau:wilden_guardian, 10, 1, 3
204, idas:haunted_manor, HEADING, header:ignore, 0, 0, 0
205, idas:haunted_manor, MONSTER, quark:wraith, 10, 3, 4
206, ati_structures:haunted_ruin, HEADING, header:ignore, 0, 0, 0
207, realmrpg_quests:headless_skeletons, HEADING, header:ignore, 0, 0, 0
208, dungeons_arise:heavenly_challenger, HEADING, header:ignore, 0, 0, 0
209, dungeons_arise:heavenly_conqueror, HEADING, header:ignore, 0, 0, 0
210, dungeons_arise:heavenly_rider, HEADING, header:ignore, 0, 0, 0
211, twilightforest:hedge_maze, HEADING, header:ignore, 0, 0, 0
212, idas:hermits_hollow, HEADING, header:ignore, 0, 0, 0
213, ati_structures:herobrine_stronghold, HEADING, header:ignore, 0, 0, 0
214, mvs:horse_pen, HEADING, header:ignore, 0, 0, 0
215, medievalend:house, HEADING, header:ignore, 0, 0, 0
216, mvs:houses/azelea_house, HEADING, header:ignore, 0, 0, 0
217, mvs:houses/barn, HEADING, header:ignore, 0, 0, 0
218, mvs:houses/deepslate_house, HEADING, header:ignore, 0, 0, 0
219, mvs:houses/desert_house, HEADING, header:ignore, 0, 0, 0
220, mvs:houses/flower_hole, HEADING, header:ignore, 0, 0, 0
221, mvs:houses/house, HEADING, header:ignore, 0, 0, 0
222, mvs:houses/large_floating_island, HEADING, header:ignore, 0, 0, 0
223, mvs:houses/large_warped_tower, HEADING, header:ignore, 0, 0, 0
224, mvs:houses/medium_igloo_1, HEADING, header:ignore, 0, 0, 0
225, mvs:houses/medium_igloo_2, HEADING, header:ignore, 0, 0, 0
226, mvs:houses/small_igloo, HEADING, header:ignore, 0, 0, 0
227, mvs:houses/small_swamp_house, HEADING, header:ignore, 0, 0, 0
228, mvs:houses/tall_house, HEADING, header:ignore, 0, 0, 0
229, mvs:houses/warped_house, HEADING, header:ignore, 0, 0, 0
230, ars_nouveau:hunter_wilden_den, HEADING, header:ignore, 0, 0, 0
231, ars_nouveau:hunter_wilden_den, MONSTER, ars_nouveau:wilden_hunter, 10, 3, 3
232, idas:hunters_cabin, HEADING, header:ignore, 0, 0, 0
233, twilightforest:hydra_lair, HEADING, header:ignore, 0, 0, 0
234, totw_modded:ice, HEADING, header:ignore, 0, 0, 0
235, ati_structures:ice_tribe, HEADING, header:ignore, 0, 0, 0
236, ati_structures:ice_tribe, MONSTER, minecraft:pig, 10, 1, 2
237, idas:iceandfire/dread_citadel, HEADING, header:ignore, 0, 0, 0
238, friendsandfoes:iceologer_cabin, HEADING, header:ignore, 0, 0, 0
239, friendsandfoes:iceologer_cabin, MONSTER, friendsandfoes:iceologer, 10, 1, 1
240, imst:igloo, HEADING, header:ignore, 0, 0, 0
241, imst:igloo, MONSTER, minecraft:zombie_villager, 10, 1, 1
242, minecraft:igloo, HEADING, header:ignore, 0, 0, 0
243, dungeons_arise:illager_campsite, HEADING, header:ignore, 0, 0, 0
244, dungeons_arise:illager_corsair, HEADING, header:ignore, 0, 0, 0
245, dungeons_arise:illager_fort, HEADING, header:ignore, 0, 0, 0
246, dungeons_arise:illager_galley, HEADING, header:ignore, 0, 0, 0
247, dungeons_arise:illager_windmill, HEADING, header:ignore, 0, 0, 0
248, friendsandfoes:illusioner_shack, HEADING, header:ignore, 0, 0, 0
249, friendsandfoes:illusioner_shack, MONSTER, minecraft:illusioner, 10, 1, 1
250, friendsandfoes:illusioner_training_grounds, HEADING, header:ignore, 0, 0, 0
251, friendsandfoes:illusioner_training_grounds, MONSTER, minecraft:illusioner, 10, 1, 1
252, friendsandfoes:illusioner_training_grounds, MONSTER, minecraft:pillager, 10, 1, 2
253, minecolonies:incan_colony, HEADING, header:ignore, 0, 0, 0
254, minecolonies:incan_colony, CREATURE, minecraft:cat, 80, 1, 2
255, born_in_chaos_v1:infernal_pumpkin, HEADING, header:ignore, 0, 0, 0
256, dungeons_arise:infested_temple, HEADING, header:ignore, 0, 0, 0
257, totw_modded:jungle, HEADING, header:ignore, 0, 0, 0
258, minecraft:jungle_pyramid, HEADING, header:ignore, 0, 0, 0
259, ati_structures:jungle_settlement, HEADING, header:ignore, 0, 0, 0
260, mvs:jungle_tower, HEADING, header:ignore, 0, 0, 0
261, dungeons_arise:jungle_tree_house, HEADING, header:ignore, 0, 0, 0
262, dungeons_arise:keep_kayra, HEADING, header:ignore, 0, 0, 0
263, twilightforest:knight_stronghold, HEADING, header:ignore, 0, 0, 0
264, integrated_villages:kutcha_village, HEADING, header:ignore, 0, 0, 0
265, idas:labyrinth, HEADING, header:ignore, 0, 0, 0
266, twilightforest:labyrinth, HEADING, header:ignore, 0, 0, 0
267, mvs:lantern/medium_oak_lantern, HEADING, header:ignore, 0, 0, 0
268, mvs:lantern/small_acacia_lantern, HEADING, header:ignore, 0, 0, 0
269, mvs:lantern/small_bamboo_lantern, HEADING, header:ignore, 0, 0, 0
270, mvs:lantern/small_birch_lantern, HEADING, header:ignore, 0, 0, 0
271, mvs:lantern/small_campfire_lantern, HEADING, header:ignore, 0, 0, 0
272, mvs:lantern/small_cherry_lantern, HEADING, header:ignore, 0, 0, 0
273, mvs:lantern/small_dark_oak_lantern, HEADING, header:ignore, 0, 0, 0
274, mvs:lantern/small_jungle_lantern, HEADING, header:ignore, 0, 0, 0
275, mvs:lantern/small_mangrove_lantern, HEADING, header:ignore, 0, 0, 0
276, mvs:lantern/small_oak_lantern, HEADING, header:ignore, 0, 0, 0
277, mvs:lantern/small_spruce_lantern, HEADING, header:ignore, 0, 0, 0
278, mns:large_blackstone_pillars, HEADING, header:ignore, 0, 0, 0
279, mns:large_blackstone_walls, HEADING, header:ignore, 0, 0, 0
280, twilightforest:large_hollow_hill, HEADING, header:ignore, 0, 0, 0
281, formationsnether:large_house, HEADING, header:ignore, 0, 0, 0
282, mns:large_nether_brick, HEADING, header:ignore, 0, 0, 0
283, formationsnether:large_pedestal, HEADING, header:ignore, 0, 0, 0
284, formationsnether:large_tree, HEADING, header:ignore, 0, 0, 0
285, mns:lava_pool, HEADING, header:ignore, 0, 0, 0
286, bosses_of_mass_destruction:lich_tower, HEADING, header:ignore, 0, 0, 0
287, twilightforest:lich_tower, HEADING, header:ignore, 0, 0, 0
288, ati_structures:lighthouse, HEADING, header:ignore, 0, 0, 0
289, dungeons_arise:lighthouse, HEADING, header:ignore, 0, 0, 0
290, structory_towers:lighthouse, HEADING, header:ignore, 0, 0, 0
291, mvs:log_pile/acacia_log_pile, HEADING, header:ignore, 0, 0, 0
292, mvs:log_pile/birch_log_pile, HEADING, header:ignore, 0, 0, 0
293, mvs:log_pile/dark_oak_log_pile, HEADING, header:ignore, 0, 0, 0
294, mvs:log_pile/jungle_log_pile, HEADING, header:ignore, 0, 0, 0
295, mvs:log_pile/oak_log_pile, HEADING, header:ignore, 0, 0, 0
296, mvs:log_pile/spruce_log_pile, HEADING, header:ignore, 0, 0, 0
297, minecolonies:lostmesacity_colony, HEADING, header:ignore, 0, 0, 0
298, minecolonies:lostmesacity_colony, CREATURE, minecraft:cat, 80, 1, 2
299, idas:lumber_camp/lumber_camp_acacia, HEADING, header:ignore, 0, 0, 0
300, idas:lumber_camp/lumber_camp_birch, HEADING, header:ignore, 0, 0, 0
301, idas:lumber_camp/lumber_camp_bopmahogany, HEADING, header:ignore, 0, 0, 0
302, idas:lumber_camp/lumber_camp_bopredwood, HEADING, header:ignore, 0, 0, 0
303, idas:lumber_camp/lumber_camp_bygmahogany, HEADING, header:ignore, 0, 0, 0
304, idas:lumber_camp/lumber_camp_bygredwood, HEADING, header:ignore, 0, 0, 0
305, idas:lumber_camp/lumber_camp_dark_oak, HEADING, header:ignore, 0, 0, 0
306, idas:lumber_camp/lumber_camp_jungle, HEADING, header:ignore, 0, 0, 0
307, idas:lumber_camp/lumber_camp_oak, HEADING, header:ignore, 0, 0, 0
308, idas:lumber_camp/lumber_camp_spruce, HEADING, header:ignore, 0, 0, 0
309, imst:lumberjack/acacia_hut, HEADING, header:ignore, 0, 0, 0
310, imst:lumberjack/birch_hut, HEADING, header:ignore, 0, 0, 0
311, imst:lumberjack/dark_oak_hut, HEADING, header:ignore, 0, 0, 0
312, imst:lumberjack/jungle_hut, HEADING, header:ignore, 0, 0, 0
313, imst:lumberjack/mangrove_hut, HEADING, header:ignore, 0, 0, 0
314, imst:lumberjack/oak_hut, HEADING, header:ignore, 0, 0, 0
315, imst:lumberjack/spruce_hut, HEADING, header:ignore, 0, 0, 0
316, realmrpg_quests:lumberjacks, HEADING, header:ignore, 0, 0, 0
317, ati_structures:manor, HEADING, header:ignore, 0, 0, 0
318, ati_structures:manor, MONSTER, minecraft:pillager, 10, 1, 1
319, minecraft:mansion, HEADING, header:ignore, 0, 0, 0
320, mes:manuscript_shrine, HEADING, header:ignore, 0, 0, 0
321, autumnity:maple_hut, HEADING, header:ignore, 0, 0, 0
322, autumnity:maple_hut, MONSTER, minecraft:witch, 10, 1, 1
323, autumnity:maple_hut, CREATURE, minecraft:cat, 10, 1, 1
324, ati_structures:marble_chateau, HEADING, header:ignore, 0, 0, 0
325, totw_modded:mars, HEADING, header:ignore, 0, 0, 0
326, dungeons_arise:mechanical_nest, HEADING, header:ignore, 0, 0, 0
327, minecolonies:medieval_birch_colony, HEADING, header:ignore, 0, 0, 0
328, minecolonies:medieval_birch_colony, CREATURE, minecraft:cat, 80, 1, 2
329, minecolonies:medieval_dark_oak_colony, HEADING, header:ignore, 0, 0, 0
330, minecolonies:medieval_dark_oak_colony, CREATURE, minecraft:cat, 80, 1, 2
331, minecolonies:medieval_oak_colony, HEADING, header:ignore, 0, 0, 0
332, minecolonies:medieval_oak_colony, CREATURE, minecraft:cat, 80, 1, 2
333, minecolonies:medieval_spruce_colony, HEADING, header:ignore, 0, 0, 0
334, minecolonies:medieval_spruce_colony, CREATURE, minecraft:cat, 80, 1, 2
335, integrated_villages:mediterranean_village, HEADING, header:ignore, 0, 0, 0
336, mns:medium_blackstone, HEADING, header:ignore, 0, 0, 0
337, mns:medium_crimson_fungus, HEADING, header:ignore, 0, 0, 0
338, mns:medium_crimson_fungus_2, HEADING, header:ignore, 0, 0, 0
339, mns:medium_crimson_well, HEADING, header:ignore, 0, 0, 0
340, twilightforest:medium_hollow_hill, HEADING, header:ignore, 0, 0, 0
341, mns:medium_house, HEADING, header:ignore, 0, 0, 0
342, mns:medium_house_2, HEADING, header:ignore, 0, 0, 0
343, mns:medium_warped_fungus, HEADING, header:ignore, 0, 0, 0
344, mns:medium_warped_fungus_2, HEADING, header:ignore, 0, 0, 0
345, mns:medium_warped_well, HEADING, header:ignore, 0, 0, 0
346, dungeons_arise:merchant_campsite, HEADING, header:ignore, 0, 0, 0
347, totw_modded:mercury, HEADING, header:ignore, 0, 0, 0
348, ae2:meteorite, HEADING, header:ignore, 0, 0, 0
349, realmrpg_quests:miners, HEADING, header:ignore, 0, 0, 0
350, minecraft:mineshaft, HEADING, header:ignore, 0, 0, 0
351, minecraft:mineshaft, AMBIENT, alexsmobs:underminer, 50, 1, 1
352, minecraft:mineshaft_mesa, HEADING, header:ignore, 0, 0, 0
353, minecraft:mineshaft_mesa, AMBIENT, alexsmobs:underminer, 50, 1, 1
354, dungeons_arise:mining_system, HEADING, header:ignore, 0, 0, 0
355, structory_towers:mirage_outpost, HEADING, header:ignore, 0, 0, 0
356, dungeons_arise:monastery, HEADING, header:ignore, 0, 0, 0
357, ati_structures:monastery_tower, HEADING, header:ignore, 0, 0, 0
358, mes:monolith, HEADING, header:ignore, 0, 0, 0
359, realmrpg_quests:monster_hunters, HEADING, header:ignore, 0, 0, 0
360, minecraft:monument, HEADING, header:ignore, 0, 0, 0
361, minecraft:monument, MONSTER, minecraft:guardian, 10, 2, 4
362, totw_modded:moon, HEADING, header:ignore, 0, 0, 0
363, ati_structures:mosque, HEADING, header:ignore, 0, 0, 0
364, born_in_chaos_v1:mound_of_hounds, HEADING, header:ignore, 0, 0, 0
365, imst:mountain_camp, HEADING, header:ignore, 0, 0, 0
366, dungeons_arise:mushroom_house, HEADING, header:ignore, 0, 0, 0
367, dungeons_arise:mushroom_mines, HEADING, header:ignore, 0, 0, 0
368, twilightforest:mushroom_tower, HEADING, header:ignore, 0, 0, 0
369, dungeons_arise:mushroom_village, HEADING, header:ignore, 0, 0, 0
370, mes:mythic_garden, HEADING, header:ignore, 0, 0, 0
371, twilightforest:naga_courtyard, HEADING, header:ignore, 0, 0, 0
372, mvs:nature/acacia_tree, HEADING, header:ignore, 0, 0, 0
373, mvs:nature/big_oak_tree, HEADING, header:ignore, 0, 0, 0
374, mvs:nature/birch_tree, HEADING, header:ignore, 0, 0, 0
375, mvs:nature/boulder, HEADING, header:ignore, 0, 0, 0
376, mvs:nature/cherry_tree, HEADING, header:ignore, 0, 0, 0
377, mvs:nature/dark_oak_tree, HEADING, header:ignore, 0, 0, 0
378, mvs:nature/floating_islands, HEADING, header:ignore, 0, 0, 0
379, mvs:nature/jungle_palm_tree, HEADING, header:ignore, 0, 0, 0
380, mvs:nature/jungle_tree, HEADING, header:ignore, 0, 0, 0
381, mvs:nature/large_mushroom, HEADING, header:ignore, 0, 0, 0
382, mvs:nature/mushroom_pond, HEADING, header:ignore, 0, 0, 0
383, mvs:nature/oak_tree, HEADING, header:ignore, 0, 0, 0
384, mvs:nature/paths, HEADING, header:ignore, 0, 0, 0
385, mvs:nature/small_oak_pond, HEADING, header:ignore, 0, 0, 0
386, mvs:nature/spruce_tree, HEADING, header:ignore, 0, 0, 0
387, mvs:nature/stone_rock, HEADING, header:ignore, 0, 0, 0
388, idas:necromancers_spire, HEADING, header:ignore, 0, 0, 0
389, idas:necromancers_spire, MONSTER, quark:wraith, 10, 1, 1
390, totw_modded:nether, HEADING, header:ignore, 0, 0, 0
391, structory_towers:nether/fortress_tower, HEADING, header:ignore, 0, 0, 0
392, structory_towers:nether/strange_outpost, HEADING, header:ignore, 0, 0, 0
393, structory_towers:nether/warped_outpost, HEADING, header:ignore, 0, 0, 0
394, minecraft:nether_fossil, HEADING, header:ignore, 0, 0, 0
395, minecraft:nether_fossil, MONSTER, alexsmobs:soul_vulture, 30, 1, 1
396, formationsnether:nether_wart_field, HEADING, header:ignore, 0, 0, 0
397, idas:nexus, HEADING, header:ignore, 0, 0, 0
398, idas:nexus, MONSTER, minecraft:silverfish, 10, 1, 4
399, idas:nexus, MONSTER, quark:wraith, 10, 1, 4
400, ars_additions:nexus_tower, HEADING, header:ignore, 0, 0, 0
401, structory_towers:nomad_outpost, HEADING, header:ignore, 0, 0, 0
402, ati_structures:nomadic_camp, HEADING, header:ignore, 0, 0, 0
403, ati_structures:nomadic_camp, MONSTER, minecraft:pillager, 10, 1, 1
404, create_ltab_f:normal_oak_house, HEADING, header:ignore, 0, 0, 0
405, integrated_villages:oasis_village, HEADING, header:ignore, 0, 0, 0
406, born_in_chaos_v1:observation_tower_forest, HEADING, header:ignore, 0, 0, 0
407, born_in_chaos_v1:observation_tower_plains, HEADING, header:ignore, 0, 0, 0
408, imst:observatory, HEADING, header:ignore, 0, 0, 0
409, formationsnether:obsidian_pillar, HEADING, header:ignore, 0, 0, 0
410, stellarity:obsidian_spike, HEADING, header:ignore, 0, 0, 0
411, bosses_of_mass_destruction:obsidilith_arena, HEADING, header:ignore, 0, 0, 0
412, totw_modded:ocean, HEADING, header:ignore, 0, 0, 0
413, structory_towers:ocean_pillar, HEADING, header:ignore, 0, 0, 0
414, create_ltab_f:ocean_remnant, HEADING, header:ignore, 0, 0, 0
415, minecraft:ocean_ruin_cold, HEADING, header:ignore, 0, 0, 0
416, minecraft:ocean_ruin_warm, HEADING, header:ignore, 0, 0, 0
417, totw_modded:ocean_warm, HEADING, header:ignore, 0, 0, 0
418, ati_structures:old_fort, HEADING, header:ignore, 0, 0, 0
419, ati_structures:old_home, HEADING, header:ignore, 0, 0, 0
420, create_ltab_f:old_house, HEADING, header:ignore, 0, 0, 0
421, stellarity:old_stronghold, HEADING, header:ignore, 0, 0, 0
422, formationsnether:ore_shard, HEADING, header:ignore, 0, 0, 0
423, scguns:osgood_lab, HEADING, header:ignore, 0, 0, 0
424, scguns:osgood_lab, MONSTER, minecraft:zombie, 10, 1, 1
425, scguns:osgood_lab_outpost, HEADING, header:ignore, 0, 0, 0
426, scguns:osgood_lab_outpost, MONSTER, minecraft:pillager, 10, 1, 2
427, scguns:osgood_lab_outpost, MONSTER, scguns:blunderer, 10, 1, 2
428, mvs:other_decoration/bee_dome, HEADING, header:ignore, 0, 0, 0
429, mvs:other_decoration/bench, HEADING, header:ignore, 0, 0, 0
430, mvs:other_decoration/campsite, HEADING, header:ignore, 0, 0, 0
431, mvs:other_decoration/crimson_enchanting_table, HEADING, header:ignore, 0, 0, 0
432, mvs:other_decoration/desert_pump, HEADING, header:ignore, 0, 0, 0
433, mvs:other_decoration/duck, HEADING, header:ignore, 0, 0, 0
434, mvs:other_decoration/end_scraps/end_scraps_1, HEADING, header:ignore, 0, 0, 0
435, mvs:other_decoration/end_scraps/end_scraps_2, HEADING, header:ignore, 0, 0, 0
436, mvs:other_decoration/end_scraps/end_scraps_3, HEADING, header:ignore, 0, 0, 0
437, mvs:other_decoration/end_scraps/end_scraps_4, HEADING, header:ignore, 0, 0, 0
438, mvs:other_decoration/fire_camp, HEADING, header:ignore, 0, 0, 0
439, mvs:other_decoration/fox_hut, HEADING, header:ignore, 0, 0, 0
440, mvs:other_decoration/haystack, HEADING, header:ignore, 0, 0, 0
441, mvs:other_decoration/horse_campsite, HEADING, header:ignore, 0, 0, 0
442, mvs:other_decoration/lamp_chest, HEADING, header:ignore, 0, 0, 0
443, mvs:other_decoration/lecturn_garden, HEADING, header:ignore, 0, 0, 0
444, mvs:other_decoration/mine_with_campsite, HEADING, header:ignore, 0, 0, 0
445, mvs:other_decoration/mushroom_statue, HEADING, header:ignore, 0, 0, 0
446, mvs:other_decoration/nether_devil, HEADING, header:ignore, 0, 0, 0
447, mvs:other_decoration/pile, HEADING, header:ignore, 0, 0, 0
448, mvs:other_decoration/snowy_dog_hut, HEADING, header:ignore, 0, 0, 0
449, mvs:other_decoration/snowy_fossil, HEADING, header:ignore, 0, 0, 0
450, mvs:other_decoration/stone_bee, HEADING, header:ignore, 0, 0, 0
451, mvs:other_decoration/villager_statue, HEADING, header:ignore, 0, 0, 0
452, mvs:other_decoration/wheat_grain_bin, HEADING, header:ignore, 0, 0, 0
453, mvs:other_decoration/windmill, HEADING, header:ignore, 0, 0, 0
454, mvs:other_decoration/wooden_wheat_farm, HEADING, header:ignore, 0, 0, 0
455, mvs:out_house, HEADING, header:ignore, 0, 0, 0
456, structory_towers:overgrown_mangrove, HEADING, header:ignore, 0, 0, 0
457, formationsnether:parkour_challenge, HEADING, header:ignore, 0, 0, 0
458, mes:phantom_citadel, HEADING, header:ignore, 0, 0, 0
459, realmrpg_quests:piglin_gamblers, HEADING, header:ignore, 0, 0, 0
460, idas:pillager_camp, HEADING, header:ignore, 0, 0, 0
461, idas:pillager_fortress, HEADING, header:ignore, 0, 0, 0
462, structory_towers:pillager_lookout, HEADING, header:ignore, 0, 0, 0
463, structory_towers:pillager_lookout, MONSTER, minecraft:pillager, 10, 1, 1
464, minecraft:pillager_outpost, HEADING, header:ignore, 0, 0, 0
465, minecraft:pillager_outpost, MONSTER, minecraft:pillager, 10, 1, 1
466, dungeons_arise_seven_seas:pirate_junk, HEADING, header:ignore, 0, 0, 0
467, integrated_villages:pirate_village, HEADING, header:ignore, 0, 0, 0
468, mes:placid_prairie, HEADING, header:ignore, 0, 0, 0
469, dungeons_arise:plague_asylum, HEADING, header:ignore, 0, 0, 0
470, imst:pyramid, HEADING, header:ignore, 0, 0, 0
471, medievalend:pyramid, HEADING, header:ignore, 0, 0, 0
472, ati_structures:quarry, HEADING, header:ignore, 0, 0, 0
473, imst:quarry, HEADING, header:ignore, 0, 0, 0
474, structory_towers:quarter_outpost, HEADING, header:ignore, 0, 0, 0
475, formationsnether:quartz_spikes, HEADING, header:ignore, 0, 0, 0
476, twilightforest:quest_grove, HEADING, header:ignore, 0, 0, 0
477, create_ltab_f:rail_road, HEADING, header:ignore, 0, 0, 0
478, mvs:railway, HEADING, header:ignore, 0, 0, 0
479, create_ltab_f:random_house_1, HEADING, header:ignore, 0, 0, 0
480, create_ltab_f:random_house_3, HEADING, header:ignore, 0, 0, 0
481, create_ltab_f:random_house_4, HEADING, header:ignore, 0, 0, 0
482, totw_modded:ratlantis, HEADING, header:ignore, 0, 0, 0
483, idas:redhorn_guild, HEADING, header:ignore, 0, 0, 0
484, totw_modded:regular, HEADING, header:ignore, 0, 0, 0
485, formationsnether:respawn_anchor_altar, HEADING, header:ignore, 0, 0, 0
486, stellarity:return_gateways/base_flying, HEADING, header:ignore, 0, 0, 0
487, stellarity:return_gateways/bloody_flying, HEADING, header:ignore, 0, 0, 0
488, stellarity:return_gateways/snowy_flying, HEADING, header:ignore, 0, 0, 0
489, formationsnether:rib_cage, HEADING, header:ignore, 0, 0, 0
490, ribbits:ribbit_village, HEADING, header:ignore, 0, 0, 0
491, ati_structures:rotten_log, HEADING, header:ignore, 0, 0, 0
492, ati_structures:rotting_temple, HEADING, header:ignore, 0, 0, 0
493, ati_structures:rotting_temple, MONSTER, minecraft:zombie, 10, 1, 3
494, ati_structures:rotting_temple_underground, HEADING, header:ignore, 0, 0, 0
495, ati_structures:rotting_temple_underground, MONSTER, minecraft:zombie, 10, 1, 3
496, create_ltab_f:ruin_1, HEADING, header:ignore, 0, 0, 0
497, create_ltab_f:ruin_2, HEADING, header:ignore, 0, 0, 0
498, create_ltab_f:ruin_3, HEADING, header:ignore, 0, 0, 0
499, ati_structures:ruined_castle, HEADING, header:ignore, 0, 0, 0
500, cataclysm:ruined_citadel, HEADING, header:ignore, 0, 0, 0
501, cataclysm:ruined_citadel, MONSTER, cataclysm:endermaptera, 10, 1, 1
502, mes:ruined_pillar, HEADING, header:ignore, 0, 0, 0
503, ars_additions:ruined_portal, HEADING, header:ignore, 0, 0, 0
504, minecraft:ruined_portal, HEADING, header:ignore, 0, 0, 0
505, minecraft:ruined_portal_desert, HEADING, header:ignore, 0, 0, 0
506, minecraft:ruined_portal_jungle, HEADING, header:ignore, 0, 0, 0
507, ars_additions:ruined_portal_large, HEADING, header:ignore, 0, 0, 0
508, minecraft:ruined_portal_mountain, HEADING, header:ignore, 0, 0, 0
509, minecraft:ruined_portal_nether, HEADING, header:ignore, 0, 0, 0
510, minecraft:ruined_portal_ocean, HEADING, header:ignore, 0, 0, 0
511, minecraft:ruined_portal_swamp, HEADING, header:ignore, 0, 0, 0
512, mvs:ruins/castle_ruins, HEADING, header:ignore, 0, 0, 0
513, mvs:ruins/log_ruin, HEADING, header:ignore, 0, 0, 0
514, mvs:ruins/ruined_beacon, HEADING, header:ignore, 0, 0, 0
515, mvs:ruins/small_ruin, HEADING, header:ignore, 0, 0, 0
516, mvs:ruins/statue_ruins, HEADING, header:ignore, 0, 0, 0
517, mvs:ruins/stone_pillars, HEADING, header:ignore, 0, 0, 0
518, mvs:ruins/tree_monument, HEADING, header:ignore, 0, 0, 0
519, idas:ruins_of_the_deep, HEADING, header:ignore, 0, 0, 0
520, structory_towers:sacred_relic_temple, HEADING, header:ignore, 0, 0, 0
521, create_ltab_f:sand_house, HEADING, header:ignore, 0, 0, 0
522, create_ltab_f:sand_house_2, HEADING, header:ignore, 0, 0, 0
523, create_ltab_f:sand_house_3, HEADING, header:ignore, 0, 0, 0
524, dungeons_arise:scorched_mines, HEADING, header:ignore, 0, 0, 0
525, ati_structures:sculk_deposit, HEADING, header:ignore, 0, 0, 0
526, mvs:shed, HEADING, header:ignore, 0, 0, 0
527, medievalend:ship, HEADING, header:ignore, 0, 0, 0
528, minecraft:shipwreck, HEADING, header:ignore, 0, 0, 0
529, minecraft:shipwreck, MONSTER, alexsmobs:skelewag, 15, 1, 2
530, minecraft:shipwreck_beached, HEADING, header:ignore, 0, 0, 0
531, dungeons_arise:shiraz_palace, HEADING, header:ignore, 0, 0, 0
532, minecolonies:shire_colony, HEADING, header:ignore, 0, 0, 0
533, minecolonies:shire_colony, CREATURE, minecraft:cat, 80, 1, 2
534, create_ltab_f:shop_1, HEADING, header:ignore, 0, 0, 0
535, create_ltab_f:shop_2, HEADING, header:ignore, 0, 0, 0
536, create_ltab_f:shop_3, HEADING, header:ignore, 0, 0, 0
537, medievalend:shrine, HEADING, header:ignore, 0, 0, 0
538, ati_structures:silverfish_nest, HEADING, header:ignore, 0, 0, 0
539, ati_structures:sinking_temple, HEADING, header:ignore, 0, 0, 0
540, ati_structures:sinking_temple, MONSTER, minecraft:drowned, 10, 1, 2
541, dungeons_arise:small_blimp, HEADING, header:ignore, 0, 0, 0
542, formationsnether:small_fire_arena, HEADING, header:ignore, 0, 0, 0
543, structory_towers:small_firetower, HEADING, header:ignore, 0, 0, 0
544, twilightforest:small_hollow_hill, HEADING, header:ignore, 0, 0, 0
545, ati_structures:small_keep, HEADING, header:ignore, 0, 0, 0
546, formationsnether:small_lava_arena, HEADING, header:ignore, 0, 0, 0
547, formationsnether:small_lava_shrine, HEADING, header:ignore, 0, 0, 0
548, mns:small_nether_brick, HEADING, header:ignore, 0, 0, 0
549, formationsnether:small_pedestal, HEADING, header:ignore, 0, 0, 0
550, mvs:small_pillager_tower, HEADING, header:ignore, 0, 0, 0
551, dungeons_arise:small_prairie_house, HEADING, header:ignore, 0, 0, 0
552, mvs:small_ship, HEADING, header:ignore, 0, 0, 0
553, create_ltab_f:small_warped_house, HEADING, header:ignore, 0, 0, 0
554, dungeons_arise_seven_seas:small_yacht, HEADING, header:ignore, 0, 0, 0
555, create_ltab_f:smallcherryhouse, HEADING, header:ignore, 0, 0, 0
556, create_ltab_f:smallmangrove_house, HEADING, header:ignore, 0, 0, 0
557, mns:smoking_shrine, HEADING, header:ignore, 0, 0, 0
558, idas:snifferhenge, HEADING, header:ignore, 0, 0, 0
559, create_ltab_f:snow_fort, HEADING, header:ignore, 0, 0, 0
560, cataclysm:soul_black_smith, HEADING, header:ignore, 0, 0, 0
561, formationsnether:sphere_cage, HEADING, header:ignore, 0, 0, 0
562, ati_structures:spider_nest, HEADING, header:ignore, 0, 0, 0
563, ati_structures:spider_nest, MONSTER, minecraft:spider, 10, 1, 3
564, ati_structures:spider_nest, MONSTER, minecraft:cave_spider, 10, 1, 2
565, create_ltab_f:spruce_house, HEADING, header:ignore, 0, 0, 0
566, ars_nouveau:stalker_wilden_den, HEADING, header:ignore, 0, 0, 0
567, ars_nouveau:stalker_wilden_den, MONSTER, ars_nouveau:wilden_stalker, 10, 3, 3
568, mvs:stall/blue_stall, HEADING, header:ignore, 0, 0, 0
569, mvs:stall/orange_stall, HEADING, header:ignore, 0, 0, 0
570, mvs:stall/pink_stall, HEADING, header:ignore, 0, 0, 0
571, mvs:stall/red_stall, HEADING, header:ignore, 0, 0, 0
572, ars_elemental:starbuncle_shrine, HEADING, header:ignore, 0, 0, 0
573, mes:starlight_voyager, HEADING, header:ignore, 0, 0, 0
574, mvs:stone_fountain, HEADING, header:ignore, 0, 0, 0
575, ati_structures:stray_ruins, HEADING, header:ignore, 0, 0, 0
576, integrated_stronghold:stronghold, HEADING, header:ignore, 0, 0, 0
577, integrated_stronghold:stronghold, MONSTER, minecraft:silverfish, 10, 1, 2
578, integrated_stronghold:stronghold, MONSTER, minecraft:enderman, 10, 1, 1
579, minecraft:stronghold, HEADING, header:ignore, 0, 0, 0
580, minecraft:stronghold, MONSTER, minecraft:pillager, 10, 4, 4
581, minecraft:stronghold, MONSTER, minecraft:vindicator, 10, 4, 4
582, minecraft:stronghold, MONSTER, minecraft:evoker, 10, 1, 2
583, minecraft:stronghold, MONSTER, minecraft:witch, 10, 4, 4
584, minecraft:stronghold, MONSTER, minecraft:illusioner, 10, 3, 3
585, imst:sunflower_farm, HEADING, header:ignore, 0, 0, 0
586, cataclysm:sunken_city, HEADING, header:ignore, 0, 0, 0
587, idas:sunken_ship/sunken_ship, HEADING, header:ignore, 0, 0, 0
588, idas:sunken_ship/sunken_ship, MONSTER, quark:wraith, 10, 1, 2
589, idas:sunken_ship/sunken_ship_coral, HEADING, header:ignore, 0, 0, 0
590, idas:sunken_ship/sunken_ship_coral, MONSTER, quark:wraith, 10, 1, 2
591, idas:sunken_ship/sunken_ship_ruins, HEADING, header:ignore, 0, 0, 0
592, mvs:sunzi_gate, HEADING, header:ignore, 0, 0, 0
593, minecraft:swamp_hut, HEADING, header:ignore, 0, 0, 0
594, minecraft:swamp_hut, MONSTER, minecraft:witch, 10, 1, 1
595, minecraft:swamp_hut, CREATURE, minecraft:cat, 10, 1, 1
596, structory_towers:taiga_outpost, HEADING, header:ignore, 0, 0, 0
597, structory_towers:taiga_outpost, MONSTER, minecraft:pillager, 10, 1, 1
598, ati_structures:tavern, HEADING, header:ignore, 0, 0, 0
599, integrated_villages:tavern_village, HEADING, header:ignore, 0, 0, 0
600, imst:terralith/yurt, HEADING, header:ignore, 0, 0, 0
601, dungeons_arise:thornborn_towers, HEADING, header:ignore, 0, 0, 0
602, idas:tinkers_citadel, HEADING, header:ignore, 0, 0, 0
603, idas:tinkers_workshop, HEADING, header:ignore, 0, 0, 0
604, apotheosis:tower_leaf, HEADING, header:ignore, 0, 0, 0
605, apotheosis:tower_main, HEADING, header:ignore, 0, 0, 0
606, apotheosis:tower_sand, HEADING, header:ignore, 0, 0, 0
607, apotheosis:tower_spruce, HEADING, header:ignore, 0, 0, 0
608, minecraft:trail_ruins, HEADING, header:ignore, 0, 0, 0
609, idas:train_ruins, HEADING, header:ignore, 0, 0, 0
610, imst:train_station, HEADING, header:ignore, 0, 0, 0
611, imst:train_station, MONSTER, minecraft:pillager, 10, 1, 1
612, idas:tree_of_wisdom, HEADING, header:ignore, 0, 0, 0
613, idas:treetop_tavern, HEADING, header:ignore, 0, 0, 0
614, scguns:trench, HEADING, header:ignore, 0, 0, 0
615, scguns:trench, MONSTER, scguns:redcoat, 10, 1, 2
616, twilightforest:troll_cave, HEADING, header:ignore, 0, 0, 0
617, totw_modded:tw_canopy, HEADING, header:ignore, 0, 0, 0
618, totw_modded:tw_mangrove, HEADING, header:ignore, 0, 0, 0
619, dungeons_arise:typhon, HEADING, header:ignore, 0, 0, 0
620, dungeons_arise:undead_pirate_ship, HEADING, header:ignore, 0, 0, 0
621, idas:underground_camp/underground_camp, HEADING, header:ignore, 0, 0, 0
622, idas:underground_camp/underground_camp_deep, HEADING, header:ignore, 0, 0, 0
623, ati_structures:underground_monument, HEADING, header:ignore, 0, 0, 0
624, ati_structures:underwater_dungeon, HEADING, header:ignore, 0, 0, 0
625, ati_structures:underwater_dungeon, MONSTER, minecraft:drowned, 10, 1, 2
626, ati_structures:underwater_dungeon, MONSTER, minecraft:guardian, 10, 1, 2
627, dungeons_arise_seven_seas:unicorn_galleon, HEADING, header:ignore, 0, 0, 0
628, totw_modded:venus, HEADING, header:ignore, 0, 0, 0
629, mns:very_small_blackstone, HEADING, header:ignore, 0, 0, 0
630, mns:very_small_blackstone_2, HEADING, header:ignore, 0, 0, 0
631, mns:very_small_blackstone_3, HEADING, header:ignore, 0, 0, 0
632, mns:very_small_blackstone_4, HEADING, header:ignore, 0, 0, 0
633, mns:very_small_nether_brick, HEADING, header:ignore, 0, 0, 0
634, mns:very_small_nether_brick_2, HEADING, header:ignore, 0, 0, 0
635, mns:very_small_nether_brick_3, HEADING, header:ignore, 0, 0, 0
636, dungeons_arise_seven_seas:victory_frigate, HEADING, header:ignore, 0, 0, 0
637, imst:viking_house, HEADING, header:ignore, 0, 0, 0
638, imst:viking_house, MONSTER, minecraft:pillager, 10, 1, 1
639, stellarity:village, HEADING, header:ignore, 0, 0, 0
640, minecraft:village_desert, HEADING, header:ignore, 0, 0, 0
641, minecraft:village_plains, HEADING, header:ignore, 0, 0, 0
642, minecraft:village_savanna, HEADING, header:ignore, 0, 0, 0
643, minecraft:village_snowy, HEADING, header:ignore, 0, 0, 0
644, minecraft:village_taiga, HEADING, header:ignore, 0, 0, 0
645, ati_structures:villager_inn, HEADING, header:ignore, 0, 0, 0
646, bosses_of_mass_destruction:void_blossom, HEADING, header:ignore, 0, 0, 0
647, structory_towers:warped_greatsword, HEADING, header:ignore, 0, 0, 0
648, mns:warped_pool, HEADING, header:ignore, 0, 0, 0
649, minecolonies:warpednetherlands_colony, HEADING, header:ignore, 0, 0, 0
650, minecolonies:warpednetherlands_colony, CREATURE, minecraft:cat, 80, 1, 2
651, idas:washing_camp, HEADING, header:ignore, 0, 0, 0
652, create_ltab_f:watermill, HEADING, header:ignore, 0, 0, 0
653, supplementaries:way_sign, HEADING, header:ignore, 0, 0, 0
654, mvs:well/rare_well, HEADING, header:ignore, 0, 0, 0
655, mvs:well/small_copper_well, HEADING, header:ignore, 0, 0, 0
656, mvs:well/small_tower_well, HEADING, header:ignore, 0, 0, 0
657, mvs:well/small_well, HEADING, header:ignore, 0, 0, 0
658, mvs:well/well, HEADING, header:ignore, 0, 0, 0
659, mvs:well/wells/acacia_well, HEADING, header:ignore, 0, 0, 0
660, mvs:well/wells/birch_well, HEADING, header:ignore, 0, 0, 0
661, mvs:well/wells/dark_oak_well, HEADING, header:ignore, 0, 0, 0
662, mvs:well/wells/desert_well, HEADING, header:ignore, 0, 0, 0
663, mvs:well/wells/end_well, HEADING, header:ignore, 0, 0, 0
664, mvs:well/wells/jungle_well, HEADING, header:ignore, 0, 0, 0
665, mvs:well/wells/mushroom_well, HEADING, header:ignore, 0, 0, 0
666, mvs:well/wells/nether_well, HEADING, header:ignore, 0, 0, 0
667, mvs:well/wells/oak_well, HEADING, header:ignore, 0, 0, 0
668, mvs:well/wells/rocky_well, HEADING, header:ignore, 0, 0, 0
669, mvs:well/wells/snowy_well, HEADING, header:ignore, 0, 0, 0
670, mvs:well/wells/spruce_well, HEADING, header:ignore, 0, 0, 0
671, create_ltab_f:well_1, HEADING, header:ignore, 0, 0, 0
672, create_ltab_f:well_2, HEADING, header:ignore, 0, 0, 0
673, idas:winter_wagon, HEADING, header:ignore, 0, 0, 0
674, dungeons_arise:wishing_well, HEADING, header:ignore, 0, 0, 0
675, imst:witch_hut, HEADING, header:ignore, 0, 0, 0
676, imst:witch_hut, MONSTER, minecraft:witch, 10, 1, 1
677, idas:witches_treestump, HEADING, header:ignore, 0, 0, 0
678, idas:witches_treestump, MONSTER, minecraft:witch, 10, 1, 1
679, idas:witches_treestump, CREATURE, minecraft:cat, 10, 1, 1
680, idas:wizard_tower, HEADING, header:ignore, 0, 0, 0
681, structory_towers:wizard_tower, HEADING, header:ignore, 0, 0, 0
682, ati_structures:woodland_keep, HEADING, header:ignore, 0, 0, 0
683, twilightforest:yeti_cave, HEADING, header:ignore, 0, 0, 0
